<?xml version="1.0" encoding="UTF-8"?>
<!-- Generated by org.testng.reporters.JUnitXMLReporter -->
<testsuite hostname="DESKTOP-DO54GIB" ignored="2" name="Parameter Test two" tests="1" failures="0" timestamp="13 Jan 2019 11:28:43 GMT" time="0.007" errors="0">
  <testcase name="parameterTwo" time="0.003" classname="swarnajit.newday"/>
  <testcase name="bothparameter" time="0.0" classname="swarnajit.newday">
    <ignored/>
  </testcase> <!-- bothparameter -->
  <testcase name="parameterOne" time="0.0" classname="swarnajit.newday">
    <ignored/>
  </testcase> <!-- parameterOne -->
</testsuite> <!-- Parameter Test two -->
