<?xml version="1.0" encoding="UTF-8"?>
<testng-results skipped="0" failed="0" ignored="0" total="2" passed="2">
  <reporter-output>
  </reporter-output>
  <suite name="Default suite" duration-ms="97771" started-at="2019-02-06T06:02:40Z" finished-at="2019-02-06T06:04:18Z">
    <groups>
    </groups>
    <test name="Default test" duration-ms="97771" started-at="2019-02-06T06:02:40Z" finished-at="2019-02-06T06:04:18Z">
      <class name="businessComponent.TestingContinue">
        <test-method status="PASS" signature="testSetup()[pri:0, instance:businessComponent.TestingContinue@6eebc39e]" name="testSetup" is-config="true" duration-ms="28155" started-at="2019-02-06T11:32:40Z" finished-at="2019-02-06T11:33:08Z">
          <reporter-output>
          </reporter-output>
        </test-method> <!-- testSetup -->
        <test-method status="PASS" signature="testCaseOne()[pri:1, instance:businessComponent.TestingContinue@6eebc39e]" name="testCaseOne" duration-ms="35324" started-at="2019-02-06T11:33:08Z" finished-at="2019-02-06T11:33:43Z">
          <reporter-output>
          </reporter-output>
        </test-method> <!-- testCaseOne -->
        <test-method status="PASS" signature="testCaseTwo()[pri:2, instance:businessComponent.TestingContinue@6eebc39e]" name="testCaseTwo" duration-ms="33338" started-at="2019-02-06T11:33:43Z" finished-at="2019-02-06T11:34:17Z">
          <reporter-output>
          </reporter-output>
        </test-method> <!-- testCaseTwo -->
        <test-method status="PASS" signature="testFinish()[pri:0, instance:businessComponent.TestingContinue@6eebc39e]" name="testFinish" is-config="true" duration-ms="798" started-at="2019-02-06T11:34:17Z" finished-at="2019-02-06T11:34:18Z">
          <reporter-output>
          </reporter-output>
        </test-method> <!-- testFinish -->
      </class> <!-- businessComponent.TestingContinue -->
    </test> <!-- Default test -->
  </suite> <!-- Default suite -->
</testng-results>
